2022-07-08 12:17:34.130  INFO 3132 --- [restartedMain] com.hacg.community.Application           : Starting Application using Java 18.0.1.1 on LAPTOP-D22U9K9G with PID 3132 (E:\HACGCommunity\com.hacg.community\target\classes started by 15254 in E:\HACGCommunity\com.hacg.community)
2022-07-08 12:17:34.132  INFO 3132 --- [restartedMain] com.hacg.community.Application           : No active profile set, falling back to 1 default profile: "default"
2022-07-08 12:17:34.182  INFO 3132 --- [restartedMain] .e.DevToolsPropertyDefaultsPostProcessor : Devtools property defaults active! Set 'spring.devtools.add-properties' to 'false' to disable
2022-07-08 12:17:34.183  INFO 3132 --- [restartedMain] .e.DevToolsPropertyDefaultsPostProcessor : For additional web related logging consider setting the 'logging.level.web' property to 'DEBUG'
2022-07-08 12:17:34.698  INFO 3132 --- [restartedMain] .s.d.r.c.RepositoryConfigurationDelegate : Multiple Spring Data modules found, entering strict repository configuration mode!
2022-07-08 12:17:34.698  INFO 3132 --- [restartedMain] .s.d.r.c.RepositoryConfigurationDelegate : Bootstrapping Spring Data JPA repositories in DEFAULT mode.
2022-07-08 12:17:34.709  INFO 3132 --- [restartedMain] .s.d.r.c.RepositoryConfigurationDelegate : Finished Spring Data repository scanning in 6 ms. Found 0 JPA repository interfaces.
2022-07-08 12:17:34.719  INFO 3132 --- [restartedMain] .s.d.r.c.RepositoryConfigurationDelegate : Multiple Spring Data modules found, entering strict repository configuration mode!
2022-07-08 12:17:34.720  INFO 3132 --- [restartedMain] .s.d.r.c.RepositoryConfigurationDelegate : Bootstrapping Spring Data Redis repositories in DEFAULT mode.
2022-07-08 12:17:34.729  INFO 3132 --- [restartedMain] .s.d.r.c.RepositoryConfigurationDelegate : Finished Spring Data repository scanning in 3 ms. Found 0 Redis repository interfaces.
2022-07-08 12:17:35.163  INFO 3132 --- [restartedMain] o.s.b.w.embedded.tomcat.TomcatWebServer  : Tomcat initialized with port(s): 8887 (http)
2022-07-08 12:17:35.168  INFO 3132 --- [restartedMain] o.apache.catalina.core.StandardService   : Starting service [Tomcat]
2022-07-08 12:17:35.169  INFO 3132 --- [restartedMain] org.apache.catalina.core.StandardEngine  : Starting Servlet engine: [Apache Tomcat/9.0.63]
2022-07-08 12:17:35.217  INFO 3132 --- [restartedMain] o.a.c.c.C.[Tomcat].[localhost].[/]       : Initializing Spring embedded WebApplicationContext
2022-07-08 12:17:35.217  INFO 3132 --- [restartedMain] w.s.c.ServletWebServerApplicationContext : Root WebApplicationContext: initialization completed in 1033 ms
2022-07-08 12:17:35.236  INFO 3132 --- [restartedMain] com.zaxxer.hikari.HikariDataSource       : HikariPool-1 - Starting...
2022-07-08 12:17:35.335  INFO 3132 --- [restartedMain] com.zaxxer.hikari.HikariDataSource       : HikariPool-1 - Start completed.
2022-07-08 12:17:35.343  INFO 3132 --- [restartedMain] o.s.b.a.h2.H2ConsoleAutoConfiguration    : H2 console available at '/h2-console'. Database available at 'jdbc:h2:~/community'
2022-07-08 12:17:35.711  INFO 3132 --- [restartedMain] j.LocalContainerEntityManagerFactoryBean : Initialized JPA EntityManagerFactory for persistence unit 'default'
2022-07-08 12:17:36.035  WARN 3132 --- [restartedMain] JpaBaseConfiguration$JpaWebConfiguration : spring.jpa.open-in-view is enabled by default. Therefore, database queries may be performed during view rendering. Explicitly configure spring.jpa.open-in-view to disable this warning
2022-07-08 12:17:36.176  INFO 3132 --- [restartedMain] o.s.b.a.w.s.WelcomePageHandlerMapping    : Adding welcome page template: index
2022-07-08 12:17:36.598  INFO 3132 --- [restartedMain] o.s.b.d.a.OptionalLiveReloadServer       : LiveReload server is running on port 35729
2022-07-08 12:17:36.635  INFO 3132 --- [restartedMain] o.s.b.w.embedded.tomcat.TomcatWebServer  : Tomcat started on port(s): 8887 (http) with context path ''
2022-07-08 12:17:36.645  INFO 3132 --- [restartedMain] com.hacg.community.Application           : Started Application in 2.861 seconds (JVM running for 3.404)
2022-07-08 12:18:16.990  INFO 3132 --- [SpringApplicationShutdownHook] j.LocalContainerEntityManagerFactoryBean : Closing JPA EntityManagerFactory for persistence unit 'default'
2022-07-08 12:18:16.992  INFO 3132 --- [SpringApplicationShutdownHook] com.zaxxer.hikari.HikariDataSource       : HikariPool-1 - Shutdown initiated...
2022-07-08 12:18:16.993  INFO 3132 --- [SpringApplicationShutdownHook] com.zaxxer.hikari.HikariDataSource       : HikariPool-1 - Shutdown completed.
2022-07-08 12:18:23.125  INFO 15440 --- [restartedMain] com.hacg.community.Application           : Starting Application using Java 18.0.1.1 on LAPTOP-D22U9K9G with PID 15440 (E:\HACGCommunity\com.hacg.community\target\classes started by 15254 in E:\HACGCommunity\com.hacg.community)
2022-07-08 12:18:23.127  INFO 15440 --- [restartedMain] com.hacg.community.Application           : No active profile set, falling back to 1 default profile: "default"
2022-07-08 12:18:23.181  INFO 15440 --- [restartedMain] .e.DevToolsPropertyDefaultsPostProcessor : Devtools property defaults active! Set 'spring.devtools.add-properties' to 'false' to disable
2022-07-08 12:18:23.182  INFO 15440 --- [restartedMain] .e.DevToolsPropertyDefaultsPostProcessor : For additional web related logging consider setting the 'logging.level.web' property to 'DEBUG'
2022-07-08 12:18:23.702  INFO 15440 --- [restartedMain] .s.d.r.c.RepositoryConfigurationDelegate : Multiple Spring Data modules found, entering strict repository configuration mode!
2022-07-08 12:18:23.702  INFO 15440 --- [restartedMain] .s.d.r.c.RepositoryConfigurationDelegate : Bootstrapping Spring Data JPA repositories in DEFAULT mode.
2022-07-08 12:18:23.714  INFO 15440 --- [restartedMain] .s.d.r.c.RepositoryConfigurationDelegate : Finished Spring Data repository scanning in 6 ms. Found 0 JPA repository interfaces.
2022-07-08 12:18:23.724  INFO 15440 --- [restartedMain] .s.d.r.c.RepositoryConfigurationDelegate : Multiple Spring Data modules found, entering strict repository configuration mode!
2022-07-08 12:18:23.725  INFO 15440 --- [restartedMain] .s.d.r.c.RepositoryConfigurationDelegate : Bootstrapping Spring Data Redis repositories in DEFAULT mode.
2022-07-08 12:18:23.733  INFO 15440 --- [restartedMain] .s.d.r.c.RepositoryConfigurationDelegate : Finished Spring Data repository scanning in 3 ms. Found 0 Redis repository interfaces.
2022-07-08 12:18:24.170  INFO 15440 --- [restartedMain] o.s.b.w.embedded.tomcat.TomcatWebServer  : Tomcat initialized with port(s): 8887 (http)
2022-07-08 12:18:24.176  INFO 15440 --- [restartedMain] o.apache.catalina.core.StandardService   : Starting service [Tomcat]
2022-07-08 12:18:24.176  INFO 15440 --- [restartedMain] org.apache.catalina.core.StandardEngine  : Starting Servlet engine: [Apache Tomcat/9.0.63]
2022-07-08 12:18:24.229  INFO 15440 --- [restartedMain] o.a.c.c.C.[Tomcat].[localhost].[/]       : Initializing Spring embedded WebApplicationContext
2022-07-08 12:18:24.229  INFO 15440 --- [restartedMain] w.s.c.ServletWebServerApplicationContext : Root WebApplicationContext: initialization completed in 1047 ms
2022-07-08 12:18:24.248  INFO 15440 --- [restartedMain] com.zaxxer.hikari.HikariDataSource       : HikariPool-1 - Starting...
2022-07-08 12:18:24.349  INFO 15440 --- [restartedMain] com.zaxxer.hikari.HikariDataSource       : HikariPool-1 - Start completed.
2022-07-08 12:18:24.357  INFO 15440 --- [restartedMain] o.s.b.a.h2.H2ConsoleAutoConfiguration    : H2 console available at '/h2-console'. Database available at 'jdbc:h2:~/community'
2022-07-08 12:18:24.723  INFO 15440 --- [restartedMain] j.LocalContainerEntityManagerFactoryBean : Initialized JPA EntityManagerFactory for persistence unit 'default'
2022-07-08 12:18:25.002  WARN 15440 --- [restartedMain] JpaBaseConfiguration$JpaWebConfiguration : spring.jpa.open-in-view is enabled by default. Therefore, database queries may be performed during view rendering. Explicitly configure spring.jpa.open-in-view to disable this warning
2022-07-08 12:18:25.100  INFO 15440 --- [restartedMain] o.s.b.a.w.s.WelcomePageHandlerMapping    : Adding welcome page template: index
2022-07-08 12:18:25.498  INFO 15440 --- [restartedMain] o.s.b.d.a.OptionalLiveReloadServer       : LiveReload server is running on port 35729
2022-07-08 12:18:25.539  INFO 15440 --- [restartedMain] o.s.b.w.embedded.tomcat.TomcatWebServer  : Tomcat started on port(s): 8887 (http) with context path ''
2022-07-08 12:18:25.549  INFO 15440 --- [restartedMain] com.hacg.community.Application           : Started Application in 2.737 seconds (JVM running for 3.331)
2022-07-08 12:18:38.408  INFO 15440 --- [SpringApplicationShutdownHook] j.LocalContainerEntityManagerFactoryBean : Closing JPA EntityManagerFactory for persistence unit 'default'
2022-07-08 12:18:38.410  INFO 15440 --- [SpringApplicationShutdownHook] com.zaxxer.hikari.HikariDataSource       : HikariPool-1 - Shutdown initiated...
2022-07-08 12:18:38.412  INFO 15440 --- [SpringApplicationShutdownHook] com.zaxxer.hikari.HikariDataSource       : HikariPool-1 - Shutdown completed.
