2022-07-08 12:18:41.508  INFO 17844 --- [restartedMain] com.hacg.community.Application           : Starting Application using Java 18.0.1.1 on LAPTOP-D22U9K9G with PID 17844 (E:\HACGCommunity\com.hacg.community\target\classes started by 15254 in E:\HACGCommunity\com.hacg.community)
2022-07-08 12:18:41.509  INFO 17844 --- [restartedMain] com.hacg.community.Application           : No active profile set, falling back to 1 default profile: "default"
2022-07-08 12:18:41.558  INFO 17844 --- [restartedMain] .e.DevToolsPropertyDefaultsPostProcessor : Devtools property defaults active! Set 'spring.devtools.add-properties' to 'false' to disable
2022-07-08 12:18:41.559  INFO 17844 --- [restartedMain] .e.DevToolsPropertyDefaultsPostProcessor : For additional web related logging consider setting the 'logging.level.web' property to 'DEBUG'
2022-07-08 12:18:42.092  INFO 17844 --- [restartedMain] .s.d.r.c.RepositoryConfigurationDelegate : Multiple Spring Data modules found, entering strict repository configuration mode!
2022-07-08 12:18:42.093  INFO 17844 --- [restartedMain] .s.d.r.c.RepositoryConfigurationDelegate : Bootstrapping Spring Data JPA repositories in DEFAULT mode.
2022-07-08 12:18:42.107  INFO 17844 --- [restartedMain] .s.d.r.c.RepositoryConfigurationDelegate : Finished Spring Data repository scanning in 6 ms. Found 0 JPA repository interfaces.
2022-07-08 12:18:42.119  INFO 17844 --- [restartedMain] .s.d.r.c.RepositoryConfigurationDelegate : Multiple Spring Data modules found, entering strict repository configuration mode!
2022-07-08 12:18:42.120  INFO 17844 --- [restartedMain] .s.d.r.c.RepositoryConfigurationDelegate : Bootstrapping Spring Data Redis repositories in DEFAULT mode.
2022-07-08 12:18:42.130  INFO 17844 --- [restartedMain] .s.d.r.c.RepositoryConfigurationDelegate : Finished Spring Data repository scanning in 4 ms. Found 0 Redis repository interfaces.
2022-07-08 12:18:42.560  INFO 17844 --- [restartedMain] o.s.b.w.embedded.tomcat.TomcatWebServer  : Tomcat initialized with port(s): 8887 (http)
2022-07-08 12:18:42.566  INFO 17844 --- [restartedMain] o.apache.catalina.core.StandardService   : Starting service [Tomcat]
2022-07-08 12:18:42.566  INFO 17844 --- [restartedMain] org.apache.catalina.core.StandardEngine  : Starting Servlet engine: [Apache Tomcat/9.0.63]
2022-07-08 12:18:42.618  INFO 17844 --- [restartedMain] o.a.c.c.C.[Tomcat].[localhost].[/]       : Initializing Spring embedded WebApplicationContext
2022-07-08 12:18:42.619  INFO 17844 --- [restartedMain] w.s.c.ServletWebServerApplicationContext : Root WebApplicationContext: initialization completed in 1060 ms
2022-07-08 12:18:42.640  INFO 17844 --- [restartedMain] com.zaxxer.hikari.HikariDataSource       : HikariPool-1 - Starting...
2022-07-08 12:18:42.751  INFO 17844 --- [restartedMain] com.zaxxer.hikari.HikariDataSource       : HikariPool-1 - Start completed.
2022-07-08 12:18:42.760  INFO 17844 --- [restartedMain] o.s.b.a.h2.H2ConsoleAutoConfiguration    : H2 console available at '/h2-console'. Database available at 'jdbc:h2:~/community'
2022-07-08 12:18:43.208  INFO 17844 --- [restartedMain] j.LocalContainerEntityManagerFactoryBean : Initialized JPA EntityManagerFactory for persistence unit 'default'
2022-07-08 12:18:43.539  WARN 17844 --- [restartedMain] JpaBaseConfiguration$JpaWebConfiguration : spring.jpa.open-in-view is enabled by default. Therefore, database queries may be performed during view rendering. Explicitly configure spring.jpa.open-in-view to disable this warning
2022-07-08 12:18:43.675  INFO 17844 --- [restartedMain] o.s.b.a.w.s.WelcomePageHandlerMapping    : Adding welcome page template: index
2022-07-08 12:18:44.095  INFO 17844 --- [restartedMain] o.s.b.d.a.OptionalLiveReloadServer       : LiveReload server is running on port 35729
2022-07-08 12:18:44.128  INFO 17844 --- [restartedMain] o.s.b.w.embedded.tomcat.TomcatWebServer  : Tomcat started on port(s): 8887 (http) with context path ''
2022-07-08 12:18:44.138  INFO 17844 --- [restartedMain] com.hacg.community.Application           : Started Application in 2.95 seconds (JVM running for 3.519)
2022-07-08 12:18:47.785  INFO 17844 --- [SpringApplicationShutdownHook] j.LocalContainerEntityManagerFactoryBean : Closing JPA EntityManagerFactory for persistence unit 'default'
2022-07-08 12:18:47.787  INFO 17844 --- [SpringApplicationShutdownHook] com.zaxxer.hikari.HikariDataSource       : HikariPool-1 - Shutdown initiated...
2022-07-08 12:18:47.789  INFO 17844 --- [SpringApplicationShutdownHook] com.zaxxer.hikari.HikariDataSource       : HikariPool-1 - Shutdown completed.
